<?xml version="1.0" encoding="UTF-8"?>
<testng-results skipped="0" failed="0" total="1" passed="1">
  <reporter-output>
  </reporter-output>
  <suite name="Suite" duration-ms="59349" started-at="2020-07-26T00:30:17Z" finished-at="2020-07-26T00:31:16Z">
    <groups>
      <group name="cucumber">
        <method signature="AbstractTestNGCucumberTests.feature(cucumber.api.testng.CucumberFeatureWrapper)[pri:0, instance:bdd.runners.RunnerClass@13a57a3b]" name="feature" class="cucumber.api.testng.AbstractTestNGCucumberTests"/>
      </group> <!-- cucumber -->
    </groups>
    <test name="Test" duration-ms="59349" started-at="2020-07-26T00:30:17Z" finished-at="2020-07-26T00:31:16Z">
      <class name="bdd.runners.RunnerClass">
        <test-method status="PASS" signature="setUpClass()[pri:0, instance:bdd.runners.RunnerClass@13a57a3b]" name="setUpClass" is-config="true" duration-ms="290" started-at="2020-07-25T20:30:17Z" finished-at="2020-07-25T20:30:17Z">
          <reporter-output>
          </reporter-output>
        </test-method> <!-- setUpClass -->
        <test-method status="PASS" signature="feature(cucumber.api.testng.CucumberFeatureWrapper)[pri:0, instance:bdd.runners.RunnerClass@13a57a3b]" name="feature" duration-ms="58453" started-at="2020-07-25T20:30:17Z" description="Runs Cucumber Feature" data-provider="features" finished-at="2020-07-25T20:31:16Z">
          <params>
            <param index="0">
              <value>
                <![CDATA[Users ability to create account]]>
              </value>
            </param>
          </params>
          <reporter-output>
          </reporter-output>
        </test-method> <!-- feature -->
        <test-method status="PASS" signature="writeExtentReport()[pri:0, instance:bdd.runners.RunnerClass@13a57a3b]" name="writeExtentReport" is-config="true" duration-ms="29" started-at="2020-07-25T20:31:16Z" finished-at="2020-07-25T20:31:16Z">
          <reporter-output>
          </reporter-output>
        </test-method> <!-- writeExtentReport -->
        <test-method status="PASS" signature="tearDownClass()[pri:0, instance:bdd.runners.RunnerClass@13a57a3b]" name="tearDownClass" is-config="true" duration-ms="471" started-at="2020-07-25T20:31:16Z" finished-at="2020-07-25T20:31:16Z">
          <reporter-output>
          </reporter-output>
        </test-method> <!-- tearDownClass -->
      </class> <!-- bdd.runners.RunnerClass -->
    </test> <!-- Test -->
  </suite> <!-- Suite -->
</testng-results>
